<?xml version="1.0" encoding="UTF-8"?>
<coverage generated="1706170569028" clover="3.2.0">
  <project timestamp="1706170569029" name="All files">
    <metrics statements="34" coveredstatements="34" conditionals="12" coveredconditionals="12" methods="8" coveredmethods="8" elements="54" coveredelements="54" complexity="0" loc="34" ncloc="34" packages="2" files="3" classes="3"/>
    <package name="examples">
      <metrics statements="2" coveredstatements="2" conditionals="0" coveredconditionals="0" methods="2" coveredmethods="2"/>
      <file name="mathFunctions.ts" path="C:\Users\Kobi\Desktop\TopSecret\ms\Minesweeper-ts\examples\mathFunctions.ts">
        <metrics statements="2" coveredstatements="2" conditionals="0" coveredconditionals="0" methods="2" coveredmethods="2"/>
        <line num="1" count="1" type="stmt"/>
        <line num="3" count="1" type="stmt"/>
      </file>
    </package>
    <package name="src.helpers">
      <metrics statements="32" coveredstatements="32" conditionals="12" coveredconditionals="12" methods="6" coveredmethods="6"/>
      <file name="CellsManipulator.ts" path="C:\Users\Kobi\Desktop\TopSecret\ms\Minesweeper-ts\src\helpers\CellsManipulator.ts">
        <metrics statements="13" coveredstatements="13" conditionals="6" coveredconditionals="6" methods="3" coveredmethods="3"/>
        <line num="14" count="2" type="stmt"/>
        <line num="17" count="38" type="stmt"/>
        <line num="38" count="2" type="stmt"/>
        <line num="39" count="297" type="cond" truecount="4" falsecount="0"/>
        <line num="42" count="2" type="stmt"/>
        <line num="43" count="36" type="stmt"/>
        <line num="45" count="36" type="stmt"/>
        <line num="46" count="288" type="cond" truecount="1" falsecount="0"/>
        <line num="47" count="193" type="stmt"/>
        <line num="48" count="193" type="stmt"/>
        <line num="50" count="193" type="cond" truecount="1" falsecount="0"/>
        <line num="51" count="160" type="stmt"/>
        <line num="56" count="36" type="stmt"/>
      </file>
      <file name="Field.ts" path="C:\Users\Kobi\Desktop\TopSecret\ms\Minesweeper-ts\src\helpers\Field.ts">
        <metrics statements="19" coveredstatements="19" conditionals="6" coveredconditionals="6" methods="3" coveredmethods="3"/>
        <line num="1" count="2" type="stmt"/>
        <line num="7" count="2" type="stmt"/>
        <line num="28" count="2" type="stmt"/>
        <line num="31" count="34" type="stmt"/>
        <line num="53" count="2" type="stmt"/>
        <line num="55" count="8" type="cond" truecount="3" falsecount="0"/>
        <line num="57" count="6" type="stmt"/>
        <line num="58" count="6" type="stmt"/>
        <line num="59" count="6" type="stmt"/>
        <line num="61" count="6" type="stmt"/>
        <line num="62" count="17" type="stmt"/>
        <line num="63" count="111" type="cond" truecount="1" falsecount="0"/>
        <line num="65" count="3" type="stmt"/>
        <line num="67" count="108" type="cond" truecount="1" falsecount="0"/>
        <line num="68" count="32" type="stmt"/>
        <line num="69" count="32" type="stmt"/>
        <line num="70" count="32" type="stmt"/>
        <line num="72" count="108" type="stmt"/>
        <line num="75" count="3" type="stmt"/>
      </file>
    </package>
  </project>
</coverage>
