{"C:\\Users\\Kobi\\Desktop\\Studies\\LastYearProjects\\ts-react-course\\MinesweeperMine\\src\\helpers\\Field.ts": {"path":"C:\\Users\\Kobi\\Desktop\\Studies\\LastYearProjects\\ts-react-course\\MinesweeperMine\\src\\helpers\\Field.ts","statementMap":{"0":{"start":{"line":5,"column":13},"end":{"line":11,"column":2}},"1":{"start":{"line":13,"column":35},"end":{"line":16,"column":77}},"2":{"start":{"line":16,"column":12},"end":{"line":16,"column":77}},"3":{"start":{"line":16,"column":49},"end":{"line":16,"column":76}},"4":{"start":{"line":13,"column":13},"end":{"line":13,"column":35}}},"fnMap":{"0":{"name":"(anonymous_0)","decl":{"start":{"line":13,"column":35},"end":{"line":13,"column":null}},"loc":{"start":{"line":16,"column":12},"end":{"line":16,"column":77}}},"1":{"name":"(anonymous_1)","decl":{"start":{"line":16,"column":43},"end":{"line":16,"column":46}},"loc":{"start":{"line":16,"column":49},"end":{"line":16,"column":76}}}},"branchMap":{"0":{"loc":{"start":{"line":15,"column":2},"end":{"line":15,"column":31}},"type":"default-arg","locations":[{"start":{"line":15,"column":16},"end":{"line":15,"column":31}}]}},"s":{"0":1,"1":1,"2":1,"3":2,"4":1},"f":{"0":1,"1":2},"b":{"0":[1]}}
}
