{"C:\\Users\\Kobi\\Desktop\\Studies\\LastYearProjects\\ts-react-course\\MinesweeperMine\\examples\\mathFunctions.ts": {"path":"C:\\Users\\Kobi\\Desktop\\Studies\\LastYearProjects\\ts-react-course\\MinesweeperMine\\examples\\mathFunctions.ts","statementMap":{"0":{"start":{"line":1,"column":19},"end":{"line":1,"column":59}},"1":{"start":{"line":1,"column":54},"end":{"line":1,"column":59}},"2":{"start":{"line":1,"column":13},"end":{"line":1,"column":19}},"3":{"start":{"line":3,"column":20},"end":{"line":3,"column":60}},"4":{"start":{"line":3,"column":55},"end":{"line":3,"column":60}},"5":{"start":{"line":3,"column":13},"end":{"line":3,"column":20}}},"fnMap":{"0":{"name":"(anonymous_0)","decl":{"start":{"line":1,"column":19},"end":{"line":1,"column":20}},"loc":{"start":{"line":1,"column":54},"end":{"line":1,"column":59}}},"1":{"name":"(anonymous_1)","decl":{"start":{"line":3,"column":20},"end":{"line":3,"column":21}},"loc":{"start":{"line":3,"column":55},"end":{"line":3,"column":60}}}},"branchMap":{},"s":{"0":1,"1":1,"2":1,"3":1,"4":1,"5":1},"f":{"0":1,"1":1},"b":{}}
,"C:\\Users\\Kobi\\Desktop\\Studies\\LastYearProjects\\ts-react-course\\MinesweeperMine\\src\\helpers\\CellsManipulator.ts": {"path":"C:\\Users\\Kobi\\Desktop\\Studies\\LastYearProjects\\ts-react-course\\MinesweeperMine\\src\\helpers\\CellsManipulator.ts","statementMap":{"0":{"start":{"line":3,"column":34},"end":{"line":6,"column":1}},"1":{"start":{"line":4,"column":4},"end":{"line":4,"column":25}},"2":{"start":{"line":5,"column":4},"end":{"line":5,"column":17}},"3":{"start":{"line":3,"column":13},"end":{"line":3,"column":34}}},"fnMap":{"0":{"name":"(anonymous_0)","decl":{"start":{"line":3,"column":34},"end":{"line":3,"column":35}},"loc":{"start":{"line":3,"column":74},"end":{"line":6,"column":1}}}},"branchMap":{},"s":{"0":1,"1":2,"2":2,"3":1},"f":{"0":2},"b":{}}
,"C:\\Users\\Kobi\\Desktop\\Studies\\LastYearProjects\\ts-react-course\\MinesweeperMine\\src\\helpers\\Field.ts": {"path":"C:\\Users\\Kobi\\Desktop\\Studies\\LastYearProjects\\ts-react-course\\MinesweeperMine\\src\\helpers\\Field.ts","statementMap":{"0":{"start":{"line":5,"column":13},"end":{"line":11,"column":2}},"1":{"start":{"line":26,"column":35},"end":{"line":29,"column":77}},"2":{"start":{"line":29,"column":12},"end":{"line":29,"column":77}},"3":{"start":{"line":29,"column":49},"end":{"line":29,"column":76}},"4":{"start":{"line":26,"column":13},"end":{"line":26,"column":35}},"5":{"start":{"line":51,"column":30},"end":{"line":73,"column":1}},"6":{"start":{"line":53,"column":2},"end":{"line":53,"column":97}},"7":{"start":{"line":53,"column":42},"end":{"line":53,"column":97}},"8":{"start":{"line":55,"column":25},"end":{"line":55,"column":36}},"9":{"start":{"line":56,"column":22},"end":{"line":56,"column":52}},"10":{"start":{"line":57,"column":24},"end":{"line":57,"column":49}},"11":{"start":{"line":59,"column":2},"end":{"line":71,"column":null}},"12":{"start":{"line":59,"column":15},"end":{"line":59,"column":16}},"13":{"start":{"line":60,"column":4},"end":{"line":70,"column":null}},"14":{"start":{"line":60,"column":17},"end":{"line":60,"column":18}},"15":{"start":{"line":61,"column":6},"end":{"line":64,"column":null}},"16":{"start":{"line":63,"column":8},"end":{"line":63,"column":22}},"17":{"start":{"line":65,"column":6},"end":{"line":68,"column":null}},"18":{"start":{"line":66,"column":8},"end":{"line":66,"column":38}},"19":{"start":{"line":67,"column":8},"end":{"line":67,"column":24}},"20":{"start":{"line":69,"column":6},"end":{"line":69,"column":25}},"21":{"start":{"line":72,"column":2},"end":{"line":72,"column":16}},"22":{"start":{"line":51,"column":13},"end":{"line":51,"column":30}}},"fnMap":{"0":{"name":"(anonymous_0)","decl":{"start":{"line":26,"column":35},"end":{"line":26,"column":null}},"loc":{"start":{"line":29,"column":12},"end":{"line":29,"column":77}}},"1":{"name":"(anonymous_1)","decl":{"start":{"line":29,"column":43},"end":{"line":29,"column":46}},"loc":{"start":{"line":29,"column":49},"end":{"line":29,"column":76}}},"2":{"name":"(anonymous_2)","decl":{"start":{"line":51,"column":30},"end":{"line":51,"column":31}},"loc":{"start":{"line":51,"column":75},"end":{"line":73,"column":1}}}},"branchMap":{"0":{"loc":{"start":{"line":28,"column":2},"end":{"line":28,"column":31}},"type":"default-arg","locations":[{"start":{"line":28,"column":16},"end":{"line":28,"column":31}}]},"1":{"loc":{"start":{"line":53,"column":2},"end":{"line":53,"column":97}},"type":"if","locations":[{"start":{"line":53,"column":2},"end":{"line":53,"column":97}}]},"2":{"loc":{"start":{"line":53,"column":6},"end":{"line":53,"column":40}},"type":"binary-expr","locations":[{"start":{"line":53,"column":6},"end":{"line":53,"column":21}},{"start":{"line":53,"column":25},"end":{"line":53,"column":40}}]},"3":{"loc":{"start":{"line":61,"column":6},"end":{"line":64,"column":null}},"type":"if","locations":[{"start":{"line":61,"column":6},"end":{"line":64,"column":null}}]},"4":{"loc":{"start":{"line":65,"column":6},"end":{"line":68,"column":null}},"type":"if","locations":[{"start":{"line":65,"column":6},"end":{"line":68,"column":null}}]}},"s":{"0":2,"1":2,"2":8,"3":24,"4":2,"5":2,"6":7,"7":2,"8":5,"9":5,"10":5,"11":5,"12":5,"13":7,"14":7,"15":11,"16":3,"17":8,"18":7,"19":7,"20":8,"21":2,"22":2},"f":{"0":8,"1":24,"2":7},"b":{"0":[7],"1":[2],"2":[7,6],"3":[3],"4":[7]}}
}
