TN:
SF:examples\TDDvsTLD\mathFunctions.ts
FN:1,(anonymous_0)
FN:3,(anonymous_1)
FNF:2
FNH:2
FNDA:1,(anonymous_0)
FNDA:1,(anonymous_1)
DA:1,1
DA:3,1
LF:2
LH:2
BRF:0
BRH:0
end_of_record
TN:
SF:src\components\Grid\Cell.tsx
FN:27,(anonymous_2)
FN:30,(anonymous_3)
FN:33,(anonymous_4)
FN:35,(anonymous_5)
FN:70,(anonymous_6)
FN:118,(anonymous_7)
FN:145,(anonymous_8)
FNF:7
FNH:7
FNDA:39,(anonymous_2)
FNDA:26,(anonymous_3)
FNDA:3,(anonymous_4)
FNDA:26,(anonymous_5)
FNDA:26,(anonymous_6)
FNDA:26,(anonymous_7)
FNDA:20,(anonymous_8)
DA:1,1
DA:2,1
DA:4,1
DA:6,1
DA:27,1
DA:28,39
DA:30,26
DA:31,26
DA:33,26
DA:35,26
DA:39,26
DA:41,26
DA:42,6
DA:46,26
DA:56,26
DA:70,26
DA:71,26
DA:76,26
DA:78,2
DA:80,2
DA:86,2
DA:88,2
DA:94,2
DA:100,16
DA:108,1
DA:119,26
DA:125,1
DA:126,1
DA:142,1
DA:145,20
DA:151,1
DA:158,1
DA:162,1
DA:170,1
LF:34
LH:34
BRDA:41,0,0,6
BRDA:76,1,0,2
BRDA:76,1,1,2
BRDA:76,1,2,2
BRDA:76,1,3,2
BRDA:76,1,4,2
BRDA:76,1,5,16
BRDA:118,2,0,20
BRDA:119,3,0,0
BRDA:119,3,1,26
BRDA:145,4,0,16
BRDA:145,4,1,4
BRDA:145,5,0,20
BRDA:145,5,1,20
BRF:14
BRH:13
end_of_record
TN:
SF:src\helpers\CellsManipulator.ts
FN:14,(anonymous_0)
FN:38,(anonymous_1)
FN:42,(anonymous_2)
FNF:3
FNH:3
FNDA:38,(anonymous_0)
FNDA:297,(anonymous_1)
FNDA:36,(anonymous_2)
DA:14,3
DA:17,38
DA:38,3
DA:39,297
DA:42,3
DA:43,36
DA:45,36
DA:46,288
DA:47,200
DA:48,200
DA:50,200
DA:51,171
DA:56,36
LF:13
LH:13
BRDA:39,0,0,297
BRDA:39,0,1,263
BRDA:39,0,2,243
BRDA:39,0,3,217
BRDA:46,1,0,200
BRDA:50,2,0,171
BRF:6
BRH:6
end_of_record
TN:
SF:src\helpers\Field.ts
FN:28,(anonymous_0)
FN:31,(anonymous_1)
FN:53,(anonymous_2)
FNF:3
FNH:3
FNDA:9,(anonymous_0)
FNDA:34,(anonymous_1)
FNDA:8,(anonymous_2)
DA:1,3
DA:7,3
DA:28,3
DA:31,34
DA:53,3
DA:55,8
DA:57,6
DA:58,6
DA:59,6
DA:61,6
DA:62,17
DA:63,111
DA:65,3
DA:67,108
DA:68,32
DA:69,32
DA:70,32
DA:72,108
DA:75,3
LF:19
LH:19
BRDA:30,0,0,8
BRDA:55,1,0,2
BRDA:55,2,0,8
BRDA:55,2,1,7
BRDA:63,3,0,3
BRDA:67,4,0,32
BRF:6
BRH:6
end_of_record
TN:
SF:src\hooks\useMouseDown.ts
FN:6,(anonymous_0)
FN:12,(anonymous_1)
FN:18,(anonymous_2)
FN:19,(anonymous_3)
FNF:4
FNH:3
FNDA:30,(anonymous_0)
FNDA:0,(anonymous_1)
FNDA:2,(anonymous_2)
FNDA:1,(anonymous_3)
DA:1,2
DA:6,2
DA:7,30
DA:9,30
DA:10,30
DA:13,0
DA:14,0
DA:18,30
DA:19,30
DA:20,30
LF:10
LH:8
BRDA:14,0,0,0
BRDA:14,0,1,0
BRF:2
BRH:0
end_of_record
