TN:
SF:examples\mathFunctions.ts
FN:1,(anonymous_0)
FN:3,(anonymous_1)
FNF:2
FNH:2
FNDA:1,(anonymous_0)
FNDA:1,(anonymous_1)
DA:1,1
DA:3,1
LF:2
LH:2
BRF:0
BRH:0
end_of_record
TN:
SF:src\helpers\CellsManipulator.ts
FN:3,(anonymous_0)
FNF:1
FNH:1
FNDA:2,(anonymous_0)
DA:3,1
DA:4,2
DA:5,2
LF:3
LH:3
BRF:0
BRH:0
end_of_record
TN:
SF:src\helpers\Field.ts
FN:26,(anonymous_0)
FN:29,(anonymous_1)
FN:51,(anonymous_2)
FNF:3
FNH:3
FNDA:8,(anonymous_0)
FNDA:24,(anonymous_1)
FNDA:7,(anonymous_2)
DA:5,2
DA:26,2
DA:29,24
DA:51,2
DA:53,7
DA:55,5
DA:56,5
DA:57,5
DA:59,5
DA:60,7
DA:61,11
DA:63,3
DA:65,8
DA:66,7
DA:67,7
DA:69,8
DA:72,2
LF:17
LH:17
BRDA:28,0,0,7
BRDA:53,1,0,2
BRDA:53,2,0,7
BRDA:53,2,1,6
BRDA:61,3,0,3
BRDA:65,4,0,7
BRF:6
BRH:6
end_of_record
